14:58:54.480 [main] INFO  com.startup.MainClass - Starting MainClass using Java 1.8.0_151 on DESKTOP-F5TJQK0 with PID 2084 (C:\Users\abcde\Desktop\webapp\target\classes started by abcde in C:\Users\abcde\Desktop\webapp)
14:58:54.485 [main] INFO  com.startup.MainClass - No active profile set, falling back to default profiles: default
14:58:56.004 [main] INFO  o.s.d.r.c.RepositoryConfigurationDelegate - Bootstrapping Spring Data JPA repositories in DEFAULT mode.
14:58:56.038 [main] INFO  o.s.d.r.c.RepositoryConfigurationDelegate - Finished Spring Data repository scanning in 11 ms. Found 0 JPA repository interfaces.
14:58:56.400 [main] WARN  o.s.b.c.p.PropertySourcesDeducer - Multiple PropertySourcesPlaceholderConfigurer beans registered [org.springframework.context.support.PropertySourcesPlaceholderConfigurer#0, generalProperties], falling back to Environment
14:58:56.753 [main] INFO  o.s.b.w.e.tomcat.TomcatWebServer - Tomcat initialized with port(s): 80 (http)
14:58:56.761 [main] INFO  o.a.catalina.core.StandardService - Starting service [Tomcat]
14:58:56.761 [main] INFO  o.a.catalina.core.StandardEngine - Starting Servlet engine: [Apache Tomcat/9.0.46]
14:58:56.875 [main] INFO  o.a.c.c.C.[Tomcat].[localhost].[/] - Initializing Spring embedded WebApplicationContext
14:58:56.875 [main] INFO  o.s.b.w.s.c.ServletWebServerApplicationContext - Root WebApplicationContext: initialization completed in 2238 ms
14:58:57.434 [main] INFO  o.s.b.w.e.tomcat.TomcatWebServer - Tomcat started on port(s): 80 (http) with context path ''
14:58:57.446 [main] INFO  com.startup.MainClass - Started MainClass in 3.769 seconds (JVM running for 5.108)
14:58:57.450 [main] INFO  o.s.b.a.ApplicationAvailabilityBean - Application availability state LivenessState changed to CORRECT
14:58:57.454 [main] INFO  o.s.b.a.ApplicationAvailabilityBean - Application availability state ReadinessState changed to ACCEPTING_TRAFFIC
14:59:01.388 [http-nio-80-exec-1] INFO  o.a.c.c.C.[Tomcat].[localhost].[/] - Initializing Spring DispatcherServlet 'dispatcherServlet'
14:59:01.388 [http-nio-80-exec-1] INFO  o.s.web.servlet.DispatcherServlet - Initializing Servlet 'dispatcherServlet'
14:59:01.390 [http-nio-80-exec-1] INFO  o.s.web.servlet.DispatcherServlet - Completed initialization in 1 ms
18:05:27.794 [main] INFO  com.startup.MainClass - Starting MainClass using Java 1.8.0_151 on DESKTOP-F5TJQK0 with PID 7000 (C:\Users\abcde\Desktop\AnalyticsEndToEnd\docs for tutorial\15) Web App with ActiveMQ\webapp\target\classes started by abcde in C:\Users\abcde\Desktop\AnalyticsEndToEnd\docs for tutorial\15) Web App with ActiveMQ\webapp)
18:05:27.794 [main] INFO  com.startup.MainClass - No active profile set, falling back to default profiles: default
18:05:29.069 [main] INFO  o.s.d.r.c.RepositoryConfigurationDelegate - Bootstrapping Spring Data JPA repositories in DEFAULT mode.
18:05:29.091 [main] INFO  o.s.d.r.c.RepositoryConfigurationDelegate - Finished Spring Data repository scanning in 8 ms. Found 0 JPA repository interfaces.
18:05:29.370 [main] WARN  o.s.b.c.p.PropertySourcesDeducer - Multiple PropertySourcesPlaceholderConfigurer beans registered [org.springframework.context.support.PropertySourcesPlaceholderConfigurer#0, generalProperties], falling back to Environment
18:05:29.709 [main] INFO  o.s.b.w.e.tomcat.TomcatWebServer - Tomcat initialized with port(s): 80 (http)
18:05:29.709 [main] INFO  o.a.catalina.core.StandardService - Starting service [Tomcat]
18:05:29.724 [main] INFO  o.a.catalina.core.StandardEngine - Starting Servlet engine: [Apache Tomcat/9.0.46]
18:05:29.840 [main] INFO  o.a.c.c.C.[Tomcat].[localhost].[/] - Initializing Spring embedded WebApplicationContext
18:05:29.840 [main] INFO  o.s.b.w.s.c.ServletWebServerApplicationContext - Root WebApplicationContext: initialization completed in 1925 ms
18:05:30.410 [main] INFO  o.s.b.w.e.tomcat.TomcatWebServer - Tomcat started on port(s): 80 (http) with context path ''
18:05:30.426 [main] INFO  com.startup.MainClass - Started MainClass in 3.584 seconds (JVM running for 5.825)
18:05:30.426 [main] INFO  o.s.b.a.ApplicationAvailabilityBean - Application availability state LivenessState changed to CORRECT
18:05:30.426 [main] INFO  o.s.b.a.ApplicationAvailabilityBean - Application availability state ReadinessState changed to ACCEPTING_TRAFFIC
18:05:32.046 [http-nio-80-exec-1] INFO  o.a.c.c.C.[Tomcat].[localhost].[/] - Initializing Spring DispatcherServlet 'dispatcherServlet'
18:05:32.046 [http-nio-80-exec-1] INFO  o.s.web.servlet.DispatcherServlet - Initializing Servlet 'dispatcherServlet'
18:05:32.046 [http-nio-80-exec-1] INFO  o.s.web.servlet.DispatcherServlet - Completed initialization in 0 ms
